<?xml version="1.0" encoding="UTF-8"?>
<TestRun id="a405ac54-557e-47c5-89e4-6bece9535ddc" name="Slim@TAICHI 2015-03-25 00:52:34" runUser="TAICHI\Slim" xmlns="http://microsoft.com/schemas/VisualStudio/TeamTest/2010">
  <TestSettings name="Local" id="f8053c26-2fed-4d4a-8135-bbe0d8c746ec">
    <Description>These are default test settings for a local test run.</Description>
    <Execution>
      <TestTypeSpecific />
      <AgentRule name="Execution Agents">
      </AgentRule>
    </Execution>
    <Deployment runDeploymentRoot="Slim_TAICHI 2015-03-25 00_52_34" />
    <Properties />
  </TestSettings>
  <Times creation="2015-03-25T00:52:34.6609051-04:00" queuing="2015-03-25T00:52:35.0359241-04:00" start="2015-03-25T00:52:35.1765553-04:00" finish="2015-03-25T00:52:35.3796903-04:00" />
  <ResultSummary outcome="Completed">
    <Counters total="1" executed="1" passed="1" error="0" failed="0" timeout="0" aborted="0" inconclusive="0" passedButRunAborted="0" notRunnable="0" notExecuted="0" disconnected="0" warning="0" completed="0" inProgress="0" pending="0" />
  </ResultSummary>
  <TestDefinitions>
    <WebTest name="WebTest1" storage="c:\users\slim\documents\visual studio 2013\projects\project 4 - engi3675\db_assignment4\assign_4\webandloadtestproject1\webtest1.webtest" id="3e4a0d9b-67d9-4d33-8857-d8700409a3a4" persistedWebTest="77u/PD94bWwgdmVyc2lvbj0iMS4wIiBlbmNvZGluZz0iVVRGLTgiIHN0YW5kYWxvbmU9InllcyI/Pg0KPFdlYlRlc3QgTmFtZT0iV2ViVGVzdDEiIElkPSIzZTRhMGQ5Yi02N2Q5LTRkMzMtODg1Ny1kODcwMDQwOWEzYTQiIE93bmVyPSIiIFByaW9yaXR5PSIyMTQ3NDgzNjQ3IiBFbmFibGVkPSJUcnVlIiBDc3NQcm9qZWN0U3RydWN0dXJlPSIiIENzc0l0ZXJhdGlvbj0iIiBUaW1lb3V0PSIwIiBXb3JrSXRlbUlkcz0iIiB4bWxucz0iaHR0cDovL21pY3Jvc29mdC5jb20vc2NoZW1hcy9WaXN1YWxTdHVkaW8vVGVhbVRlc3QvMjAxMCIgRGVzY3JpcHRpb249IiIgQ3JlZGVudGlhbFVzZXJOYW1lPSIiIENyZWRlbnRpYWxQYXNzd29yZD0iIiBQcmVBdXRoZW50aWNhdGU9IlRydWUiIFByb3h5PSJkZWZhdWx0IiBTdG9wT25FcnJvcj0iRmFsc2UiIFJlY29yZGVkUmVzdWx0RmlsZT0iIiBSZXN1bHRzTG9jYWxlPSIiIC8+">
      <Execution id="a3eda193-ff06-46ed-b16e-89e4d5435387" />
    </WebTest>
  </TestDefinitions>
  <TestLists>
    <TestList name="Results Not in a List" id="8c84fa94-04c1-424b-9868-57a2d4851a1d" />
    <TestList name="All Loaded Results" id="19431567-8539-422a-85d7-44ee4e166bda" />
  </TestLists>
  <TestEntries>
    <TestEntry isTransparent="false" testId="3e4a0d9b-67d9-4d33-8857-d8700409a3a4" executionId="a3eda193-ff06-46ed-b16e-89e4d5435387" testListId="8c84fa94-04c1-424b-9868-57a2d4851a1d" />
  </TestEntries>
  <Results>
    <WebTestResult executionId="a3eda193-ff06-46ed-b16e-89e4d5435387" testId="3e4a0d9b-67d9-4d33-8857-d8700409a3a4" testName="WebTest1" computerName="TAICHI" duration="00:00:00.0072415" startTime="2015-03-25T00:52:35.2390575-04:00" endTime="2015-03-25T00:52:35.3328122-04:00" testType="4e7599fa-5ecb-43e9-a887-cd63cf72d207" outcome="Passed" testListId="8c84fa94-04c1-424b-9868-57a2d4851a1d" relativeResultsDirectory="a3eda193-ff06-46ed-b16e-89e4d5435387">
      <ResultFiles>
        <ResultFile path="WebTest1.webtestResult" />
      </ResultFiles>
      <TestSettings name="Local" id="f8053c26-2fed-4d4a-8135-bbe0d8c746ec">
        <Description>These are default test settings for a local test run.</Description>
        <Execution>
          <TestTypeSpecific>
            <WebTestRunConfiguration testTypeId="4e7599fa-5ecb-43e9-a887-cd63cf72d207">
              <Browser name="Internet Explorer 9.0" MaxConnections="6">
                <Headers>
                  <Header name="User-Agent" value="Mozilla/5.0 (compatible; MSIE 9.0; Windows NT 6.1; Trident/5.0)" />
                  <Header name="Accept" value="*/*" />
                  <Header name="Accept-Language" value="{{$IEAcceptLanguage}}" />
                  <Header name="Accept-Encoding" value="GZIP" />
                </Headers>
              </Browser>
            </WebTestRunConfiguration>
          </TestTypeSpecific>
          <AgentRule name="Execution Agents">
          </AgentRule>
        </Execution>
        <Deployment runDeploymentRoot="Slim_TAICHI 2015-03-25 00_52_34" />
        <Properties />
      </TestSettings>
      <WebTestResultFilePath>Slim_TAICHI 2015-03-25 00_52_34\In\a3eda193-ff06-46ed-b16e-89e4d5435387\WebTest1.webtestResult</WebTestResultFilePath>
    </WebTestResult>
  </Results>
</TestRun>